<?xml version="1.0" encoding="UTF-8"?>
<!-- Generated by org.testng.reporters.JUnitReportReporter -->
<testsuite skipped="0" hostname="amaryadav" name="com.assignment.cleartrip.webapp.test.base.AppTest" tests="1" failures="0" timestamp="2020-03-09T22:30:12 IST" time="0.011" errors="0">
  <testcase name="appHasAGreeting" time="0.011" classname="com.assignment.cleartrip.webapp.test.base.AppTest"/>
  <system-out/>
</testsuite> <!-- com.assignment.cleartrip.webapp.test.base.AppTest -->
